# JRE version: OpenJDK Runtime Environment Temurin-21.0.11+10 (21.0.11+10) (build 21.0.11+10-LTS)
# Java VM: OpenJDK 64-Bit Server VM Temurin-21.0.11+10 (21.0.11+10-LTS, mixed mode, sharing, tiered, compressed oops, compressed class ptrs, parallel gc, windows-amd64)
GC Precious Log:
 CardTable entry size: 512
 CPUs: 32 total, 32 available
 Memory: 63125M
 Large Page Support: Disabled
 NUMA Support: Disabled
 Compressed Oops: Enabled (32-bit)
 Alignments: Space 512K, Generation 512K, Heap 2M
 Heap Min Capacity: 100M
 Heap Initial Capacity: 100M
 Heap Max Capacity: 2G
 Pre-touch: Disabled
 Parallel Workers: 23
Heap:
 PSYoungGen      total 6656K, used 3875K [0x00000000d5580000, 0x00000000d5d00000, 0x0000000100000000)
  eden space 5120K, 61% used [0x00000000d5580000,0x00000000d588eb60,0x00000000d5a80000)
  from space 1536K, 48% used [0x00000000d5a80000,0x00000000d5b3a400,0x00000000d5c00000)
  to   space 1024K, 0% used [0x00000000d5c00000,0x00000000d5c00000,0x00000000d5d00000)
 ParOldGen       total 828928K, used 403600K [0x0000000080000000, 0x00000000b2980000, 0x00000000d5580000)
  object space 828928K, 48% used [0x0000000080000000,0x0000000098a24198,0x00000000b2980000)
 Metaspace       used 101121K, committed 103232K, reserved 1179648K
  class space    used 11541K, committed 12544K, reserved 1048576K
GC Heap History (20 events):
Event: 1274.847 GC heap before
{Heap before GC invocations=1793 (full 5):
 PSYoungGen      total 3584K, used 3583K [0x00000000d5580000, 0x00000000d5f00000, 0x0000000100000000)
  eden space 2048K, 99% used [0x00000000d5580000,0x00000000d577ff68,0x00000000d5780000)
  from space 1536K, 100% used [0x00000000d5780000,0x00000000d5900000,0x00000000d5900000)
  to   space 3584K, 0% used [0x00000000d5b80000,0x00000000d5b80000,0x00000000d5f00000)
 ParOldGen       total 828928K, used 397892K [0x0000000080000000, 0x00000000b2980000, 0x00000000d5580000)
  object space 828928K, 48% used [0x0000000080000000,0x00000000984913a8,0x00000000b2980000)
 Metaspace       used 101110K, committed 103232K, reserved 1179648K
  class space    used 11541K, committed 12544K, reserved 1048576K
}
Event: 1274.848 GC heap after
{Heap after GC invocations=1793 (full 5):
 PSYoungGen      total 4608K, used 1630K [0x00000000d5580000, 0x00000000d5d80000, 0x0000000100000000)
  eden space 2560K, 0% used [0x00000000d5580000,0x00000000d5580000,0x00000000d5800000)
  from space 2048K, 79% used [0x00000000d5b80000,0x00000000d5d17960,0x00000000d5d80000)
  to   space 2560K, 0% used [0x00000000d5880000,0x00000000d5880000,0x00000000d5b00000)
 ParOldGen       total 828928K, used 399492K [0x0000000080000000, 0x00000000b2980000, 0x00000000d5580000)
  object space 828928K, 48% used [0x0000000080000000,0x00000000986213a8,0x00000000b2980000)
 Metaspace       used 101110K, committed 103232K, reserved 1179648K
  class space    used 11541K, committed 12544K, reserved 1048576K
}
Event: 1274.853 GC heap before
{Heap before GC invocations=1794 (full 5):
 PSYoungGen      total 4608K, used 4153K [0x00000000d5580000, 0x00000000d5d80000, 0x0000000100000000)
  eden space 2560K, 98% used [0x00000000d5580000,0x00000000d57f6c90,0x00000000d5800000)
  from space 2048K, 79% used [0x00000000d5b80000,0x00000000d5d17960,0x00000000d5d80000)
  to   space 2560K, 0% used [0x00000000d5880000,0x00000000d5880000,0x00000000d5b00000)
 ParOldGen       total 828928K, used 399492K [0x0000000080000000, 0x00000000b2980000, 0x00000000d5580000)
  object space 828928K, 48% used [0x0000000080000000,0x00000000986213a8,0x00000000b2980000)
 Metaspace       used 101110K, committed 103232K, reserved 1179648K
  class space    used 11541K, committed 12544K, reserved 1048576K
}
Event: 1274.854 GC heap after
{Heap after GC invocations=1794 (full 5):
 PSYoungGen      total 4096K, used 692K [0x00000000d5580000, 0x00000000d5c00000, 0x0000000100000000)
  eden space 3072K, 0% used [0x00000000d5580000,0x00000000d5580000,0x00000000d5880000)
  from space 1024K, 67% used [0x00000000d5880000,0x00000000d592d200,0x00000000d5980000)
  to   space 1536K, 0% used [0x00000000d5a80000,0x00000000d5a80000,0x00000000d5c00000)
 ParOldGen       total 828928K, used 399500K [0x0000000080000000, 0x00000000b2980000, 0x00000000d5580000)
  object space 828928K, 48% used [0x0000000080000000,0x00000000986233a8,0x00000000b2980000)
 Metaspace       used 101110K, committed 103232K, reserved 1179648K
  class space    used 11541K, committed 12544K, reserved 1048576K
}
Event: 1274.856 GC heap before
{Heap before GC invocations=1795 (full 5):
 PSYoungGen      total 4096K, used 3764K [0x00000000d5580000, 0x00000000d5c00000, 0x0000000100000000)
  eden space 3072K, 100% used [0x00000000d5580000,0x00000000d5880000,0x00000000d5880000)
  from space 1024K, 67% used [0x00000000d5880000,0x00000000d592d200,0x00000000d5980000)
  to   space 1536K, 0% used [0x00000000d5a80000,0x00000000d5a80000,0x00000000d5c00000)
 ParOldGen       total 828928K, used 399500K [0x0000000080000000, 0x00000000b2980000, 0x00000000d5580000)
  object space 828928K, 48% used [0x0000000080000000,0x00000000986233a8,0x00000000b2980000)
 Metaspace       used 101110K, committed 103232K, reserved 1179648K
  class space    used 11541K, committed 12544K, reserved 1048576K
}
Event: 1274.857 GC heap after
{Heap after GC invocations=1795 (full 5):
 PSYoungGen      total 5120K, used 946K [0x00000000d5580000, 0x00000000d5b80000, 0x0000000100000000)
  eden space 4096K, 0% used [0x00000000d5580000,0x00000000d5580000,0x00000000d5980000)
  from space 1024K, 92% used [0x00000000d5a80000,0x00000000d5b6cb90,0x00000000d5b80000)
  to   space 1024K, 0% used [0x00000000d5980000,0x00000000d5980000,0x00000000d5a80000)
 ParOldGen       total 828928K, used 399705K [0x0000000080000000, 0x00000000b2980000, 0x00000000d5580000)
  object space 828928K, 48% used [0x0000000080000000,0x00000000986565a8,0x00000000b2980000)
 Metaspace       used 101110K, committed 103232K, reserved 1179648K
  class space    used 11541K, committed 12544K, reserved 1048576K
}
Event: 1274.859 GC heap before
{Heap before GC invocations=1796 (full 5):
 PSYoungGen      total 5120K, used 5042K [0x00000000d5580000, 0x00000000d5b80000, 0x0000000100000000)
  eden space 4096K, 99% used [0x00000000d5580000,0x00000000d597fff8,0x00000000d5980000)
  from space 1024K, 92% used [0x00000000d5a80000,0x00000000d5b6cb90,0x00000000d5b80000)
  to   space 1024K, 0% used [0x00000000d5980000,0x00000000d5980000,0x00000000d5a80000)
 ParOldGen       total 828928K, used 399705K [0x0000000080000000, 0x00000000b2980000, 0x00000000d5580000)
  object space 828928K, 48% used [0x0000000080000000,0x00000000986565a8,0x00000000b2980000)
 Metaspace       used 101110K, committed 103232K, reserved 1179648K
  class space    used 11541K, committed 12544K, reserved 1048576K
}
Event: 1274.861 GC heap after
{Heap after GC invocations=1796 (full 5):
 PSYoungGen      total 5120K, used 1022K [0x00000000d5580000, 0x00000000d6380000, 0x0000000100000000)
  eden space 4096K, 0% used [0x00000000d5580000,0x00000000d5580000,0x00000000d5980000)
  from space 1024K, 99% used [0x00000000d5980000,0x00000000d5a7f960,0x00000000d5a80000)
  to   space 4608K, 0% used [0x00000000d5f00000,0x00000000d5f00000,0x00000000d6380000)
 ParOldGen       total 828928K, used 402426K [0x0000000080000000, 0x00000000b2980000, 0x00000000d5580000)
  object space 828928K, 48% used [0x0000000080000000,0x00000000988fe848,0x00000000b2980000)
 Metaspace       used 101110K, committed 103232K, reserved 1179648K
  class space    used 11541K, committed 12544K, reserved 1048576K
}
Event: 1274.864 GC heap before
{Heap before GC invocations=1797 (full 5):
 PSYoungGen      total 5120K, used 5118K [0x00000000d5580000, 0x00000000d6380000, 0x0000000100000000)
  eden space 4096K, 100% used [0x00000000d5580000,0x00000000d5980000,0x00000000d5980000)
  from space 1024K, 99% used [0x00000000d5980000,0x00000000d5a7f960,0x00000000d5a80000)
  to   space 4608K, 0% used [0x00000000d5f00000,0x00000000d5f00000,0x00000000d6380000)
 ParOldGen       total 828928K, used 402426K [0x0000000080000000, 0x00000000b2980000, 0x00000000d5580000)
  object space 828928K, 48% used [0x0000000080000000,0x00000000988fe848,0x00000000b2980000)
 Metaspace       used 101110K, committed 103232K, reserved 1179648K
  class space    used 11541K, committed 12544K, reserved 1048576K
}
Event: 1274.865 GC heap after
{Heap after GC invocations=1797 (full 5):
 PSYoungGen      total 8704K, used 3134K [0x00000000d5580000, 0x00000000d6280000, 0x0000000100000000)
  eden space 5120K, 0% used [0x00000000d5580000,0x00000000d5580000,0x00000000d5a80000)
  from space 3584K, 87% used [0x00000000d5f00000,0x00000000d620f960,0x00000000d6280000)
  to   space 3584K, 0% used [0x00000000d5b80000,0x00000000d5b80000,0x00000000d5f00000)
 ParOldGen       total 828928K, used 402426K [0x0000000080000000, 0x00000000b2980000, 0x00000000d5580000)
  object space 828928K, 48% used [0x0000000080000000,0x00000000988fe848,0x00000000b2980000)
 Metaspace       used 101110K, committed 103232K, reserved 1179648K
  class space    used 11541K, committed 12544K, reserved 1048576K
}
Event: 1275.130 GC heap before
{Heap before GC invocations=1798 (full 5):
 PSYoungGen      total 8704K, used 8254K [0x00000000d5580000, 0x00000000d6280000, 0x0000000100000000)
  eden space 5120K, 99% used [0x00000000d5580000,0x00000000d5a7ffb0,0x00000000d5a80000)
  from space 3584K, 87% used [0x00000000d5f00000,0x00000000d620f960,0x00000000d6280000)
  to   space 3584K, 0% used [0x00000000d5b80000,0x00000000d5b80000,0x00000000d5f00000)
 ParOldGen       total 828928K, used 402426K [0x0000000080000000, 0x00000000b2980000, 0x00000000d5580000)
  object space 828928K, 48% used [0x0000000080000000,0x00000000988fe848,0x00000000b2980000)
 Metaspace       used 101110K, committed 103232K, reserved 1179648K
  class space    used 11541K, committed 12544K, reserved 1048576K
}
Event: 1275.131 GC heap after
{Heap after GC invocations=1798 (full 5):
 PSYoungGen      total 8192K, used 1797K [0x00000000d5580000, 0x00000000d6080000, 0x0000000100000000)
  eden space 6144K, 0% used [0x00000000d5580000,0x00000000d5580000,0x00000000d5b80000)
  from space 2048K, 87% used [0x00000000d5b80000,0x00000000d5d416f0,0x00000000d5d80000)
  to   space 2560K, 0% used [0x00000000d5e00000,0x00000000d5e00000,0x00000000d6080000)
 ParOldGen       total 828928K, used 402498K [0x0000000080000000, 0x00000000b2980000, 0x00000000d5580000)
  object space 828928K, 48% used [0x0000000080000000,0x0000000098910848,0x00000000b2980000)
 Metaspace       used 101110K, committed 103232K, reserved 1179648K
  class space    used 11541K, committed 12544K, reserved 1048576K
}
Event: 1275.136 GC heap before
{Heap before GC invocations=1799 (full 5):
 PSYoungGen      total 8192K, used 7941K [0x00000000d5580000, 0x00000000d6080000, 0x0000000100000000)
  eden space 6144K, 100% used [0x00000000d5580000,0x00000000d5b80000,0x00000000d5b80000)
  from space 2048K, 87% used [0x00000000d5b80000,0x00000000d5d416f0,0x00000000d5d80000)
  to   space 2560K, 0% used [0x00000000d5e00000,0x00000000d5e00000,0x00000000d6080000)
 ParOldGen       total 828928K, used 402498K [0x0000000080000000, 0x00000000b2980000, 0x00000000d5580000)
  object space 828928K, 48% used [0x0000000080000000,0x0000000098910848,0x00000000b2980000)
 Metaspace       used 101111K, committed 103232K, reserved 1179648K
  class space    used 11541K, committed 12544K, reserved 1048576K
}
Event: 1275.137 GC heap after
{Heap after GC invocations=1799 (full 5):
 PSYoungGen      total 7680K, used 2558K [0x00000000d5580000, 0x00000000d6280000, 0x0000000100000000)
  eden space 5120K, 0% used [0x00000000d5580000,0x00000000d5580000,0x00000000d5a80000)
  from space 2560K, 99% used [0x00000000d5e00000,0x00000000d607f960,0x00000000d6080000)
  to   space 3584K, 0% used [0x00000000d5a80000,0x00000000d5a80000,0x00000000d5e00000)
 ParOldGen       total 828928K, used 402959K [0x0000000080000000, 0x00000000b2980000, 0x00000000d5580000)
  object space 828928K, 48% used [0x0000000080000000,0x0000000098983ce8,0x00000000b2980000)
 Metaspace       used 101111K, committed 103232K, reserved 1179648K
  class space    used 11541K, committed 12544K, reserved 1048576K
}
Event: 1275.144 GC heap before
{Heap before GC invocations=1800 (full 5):
 PSYoungGen      total 7680K, used 7678K [0x00000000d5580000, 0x00000000d6280000, 0x0000000100000000)
  eden space 5120K, 100% used [0x00000000d5580000,0x00000000d5a80000,0x00000000d5a80000)
  from space 2560K, 99% used [0x00000000d5e00000,0x00000000d607f960,0x00000000d6080000)
  to   space 3584K, 0% used [0x00000000d5a80000,0x00000000d5a80000,0x00000000d5e00000)
 ParOldGen       total 828928K, used 402959K [0x0000000080000000, 0x00000000b2980000, 0x00000000d5580000)
  object space 828928K, 48% used [0x0000000080000000,0x0000000098983ce8,0x00000000b2980000)
 Metaspace       used 101113K, committed 103232K, reserved 1179648K
  class space    used 11541K, committed 12544K, reserved 1048576K
}
Event: 1275.145 GC heap after
{Heap after GC invocations=1800 (full 5):
 PSYoungGen      total 6656K, used 1235K [0x00000000d5580000, 0x00000000d5e80000, 0x0000000100000000)
  eden space 5120K, 0% used [0x00000000d5580000,0x00000000d5580000,0x00000000d5a80000)
  from space 1536K, 80% used [0x00000000d5a80000,0x00000000d5bb4e00,0x00000000d5c00000)
  to   space 2048K, 0% used [0x00000000d5c80000,0x00000000d5c80000,0x00000000d5e80000)
 ParOldGen       total 828928K, used 403063K [0x0000000080000000, 0x00000000b2980000, 0x00000000d5580000)
  object space 828928K, 48% used [0x0000000080000000,0x000000009899dce8,0x00000000b2980000)
 Metaspace       used 101113K, committed 103232K, reserved 1179648K
  class space    used 11541K, committed 12544K, reserved 1048576K
}
Event: 1275.149 GC heap before
{Heap before GC invocations=1801 (full 5):
 PSYoungGen      total 6656K, used 6355K [0x00000000d5580000, 0x00000000d5e80000, 0x0000000100000000)
  eden space 5120K, 99% used [0x00000000d5580000,0x00000000d5a7ffc8,0x00000000d5a80000)
  from space 1536K, 80% used [0x00000000d5a80000,0x00000000d5bb4e00,0x00000000d5c00000)
  to   space 2048K, 0% used [0x00000000d5c80000,0x00000000d5c80000,0x00000000d5e80000)
 ParOldGen       total 828928K, used 403063K [0x0000000080000000, 0x00000000b2980000, 0x00000000d5580000)
  object space 828928K, 48% used [0x0000000080000000,0x000000009899dce8,0x00000000b2980000)
 Metaspace       used 101114K, committed 103232K, reserved 1179648K
  class space    used 11541K, committed 12544K, reserved 1048576K
}
Event: 1275.150 GC heap after
{Heap after GC invocations=1801 (full 5):
 PSYoungGen      total 6656K, used 1054K [0x00000000d5580000, 0x00000000d5e00000, 0x0000000100000000)
  eden space 5120K, 0% used [0x00000000d5580000,0x00000000d5580000,0x00000000d5a80000)
  from space 1536K, 68% used [0x00000000d5c80000,0x00000000d5d87960,0x00000000d5e00000)
  to   space 1536K, 0% used [0x00000000d5a80000,0x00000000d5a80000,0x00000000d5c00000)
 ParOldGen       total 828928K, used 403496K [0x0000000080000000, 0x00000000b2980000, 0x00000000d5580000)
  object space 828928K, 48% used [0x0000000080000000,0x0000000098a0a198,0x00000000b2980000)
 Metaspace       used 101114K, committed 103232K, reserved 1179648K
  class space    used 11541K, committed 12544K, reserved 1048576K
}
Event: 1287.682 GC heap before
{Heap before GC invocations=1802 (full 5):
 PSYoungGen      total 6656K, used 6174K [0x00000000d5580000, 0x00000000d5e00000, 0x0000000100000000)
  eden space 5120K, 100% used [0x00000000d5580000,0x00000000d5a80000,0x00000000d5a80000)
  from space 1536K, 68% used [0x00000000d5c80000,0x00000000d5d87960,0x00000000d5e00000)
  to   space 1536K, 0% used [0x00000000d5a80000,0x00000000d5a80000,0x00000000d5c00000)
 ParOldGen       total 828928K, used 403496K [0x0000000080000000, 0x00000000b2980000, 0x00000000d5580000)
  object space 828928K, 48% used [0x0000000080000000,0x0000000098a0a198,0x00000000b2980000)
 Metaspace       used 101115K, committed 103232K, reserved 1179648K
  class space    used 11541K, committed 12544K, reserved 1048576K
}
Event: 1287.682 GC heap after
{Heap after GC invocations=1802 (full 5):
 PSYoungGen      total 6656K, used 745K [0x00000000d5580000, 0x00000000d5d00000, 0x0000000100000000)
  eden space 5120K, 0% used [0x00000000d5580000,0x00000000d5580000,0x00000000d5a80000)
  from space 1536K, 48% used [0x00000000d5a80000,0x00000000d5b3a400,0x00000000d5c00000)
  to   space 1024K, 0% used [0x00000000d5c00000,0x00000000d5c00000,0x00000000d5d00000)
 ParOldGen       total 828928K, used 403600K [0x0000000080000000, 0x00000000b2980000, 0x00000000d5580000)
  object space 828928K, 48% used [0x0000000080000000,0x0000000098a24198,0x00000000b2980000)
 Metaspace       used 101115K, committed 103232K, reserved 1179648K
  class space    used 11541K, committed 12544K, reserved 1048576K
}

